<?xml version="1.0" encoding="UTF-8"?>
<coverage generated="1664584069358" clover="3.2.0">
  <project timestamp="1664584069358" name="All files">
    <metrics statements="52" coveredstatements="34" conditionals="17" coveredconditionals="11" methods="19" coveredmethods="10" elements="88" coveredelements="55" complexity="0" loc="52" ncloc="52" packages="1" files="3" classes="3"/>
    <file name="node.js" path="/Users/eyadmansour/Desktop/javascript_tasks401/stack-queue-LL/node.js">
      <metrics statements="3" coveredstatements="3" conditionals="1" coveredconditionals="1" methods="1" coveredmethods="1"/>
      <line num="5" count="23" type="stmt"/>
      <line num="6" count="23" type="stmt"/>
      <line num="10" count="2" type="stmt"/>
    </file>
    <file name="queue.js" path="/Users/eyadmansour/Desktop/javascript_tasks401/stack-queue-LL/queue.js">
      <metrics statements="28" coveredstatements="20" conditionals="12" coveredconditionals="9" methods="9" coveredmethods="5"/>
      <line num="3" count="1" type="stmt"/>
      <line num="7" count="0" type="stmt"/>
      <line num="10" count="0" type="stmt"/>
      <line num="14" count="0" type="stmt"/>
      <line num="15" count="0" type="stmt"/>
      <line num="16" count="0" type="stmt"/>
      <line num="20" count="0" type="stmt"/>
      <line num="26" count="7" type="stmt"/>
      <line num="27" count="7" type="stmt"/>
      <line num="31" count="14" type="stmt"/>
      <line num="32" count="14" type="cond" truecount="4" falsecount="0"/>
      <line num="33" count="7" type="stmt"/>
      <line num="34" count="7" type="stmt"/>
      <line num="36" count="7" type="stmt"/>
      <line num="37" count="7" type="stmt"/>
      <line num="38" count="7" type="stmt"/>
      <line num="43" count="6" type="cond" truecount="1" falsecount="1"/>
      <line num="44" count="0" type="stmt"/>
      <line num="46" count="6" type="stmt"/>
      <line num="47" count="6" type="stmt"/>
      <line num="48" count="6" type="cond" truecount="2" falsecount="0"/>
      <line num="49" count="3" type="stmt"/>
      <line num="51" count="6" type="stmt"/>
      <line num="55" count="2" type="cond" truecount="1" falsecount="1"/>
      <line num="56" count="2" type="stmt"/>
      <line num="58" count="0" type="stmt"/>
      <line num="63" count="2" type="cond" truecount="1" falsecount="1"/>
      <line num="67" count="1" type="stmt"/>
    </file>
    <file name="stack.js" path="/Users/eyadmansour/Desktop/javascript_tasks401/stack-queue-LL/stack.js">
      <metrics statements="21" coveredstatements="11" conditionals="4" coveredconditionals="1" methods="9" coveredmethods="4"/>
      <line num="3" count="1" type="stmt"/>
      <line num="7" count="4" type="stmt"/>
      <line num="11" count="9" type="stmt"/>
      <line num="12" count="9" type="stmt"/>
      <line num="13" count="9" type="stmt"/>
      <line num="17" count="2" type="stmt"/>
      <line num="18" count="2" type="stmt"/>
      <line num="19" count="2" type="stmt"/>
      <line num="26" count="2" type="cond" truecount="1" falsecount="1"/>
      <line num="27" count="2" type="stmt"/>
      <line num="29" count="0" type="stmt"/>
      <line num="34" count="0" type="cond" truecount="0" falsecount="2"/>
      <line num="37" count="1" type="stmt"/>
      <line num="41" count="0" type="stmt"/>
      <line num="42" count="0" type="stmt"/>
      <line num="45" count="0" type="stmt"/>
      <line num="49" count="0" type="stmt"/>
      <line num="50" count="0" type="stmt"/>
      <line num="54" count="0" type="stmt"/>
      <line num="55" count="0" type="stmt"/>
      <line num="56" count="0" type="stmt"/>
    </file>
  </project>
</coverage>
