{"/Users/eyadmansour/Desktop/javascript_tasks401/stack-queue-LL/node.js": {"path":"/Users/eyadmansour/Desktop/javascript_tasks401/stack-queue-LL/node.js","statementMap":{"0":{"start":{"line":5,"column":4},"end":{"line":5,"column":23}},"1":{"start":{"line":6,"column":4},"end":{"line":6,"column":21}},"2":{"start":{"line":10,"column":0},"end":{"line":10,"column":22}}},"fnMap":{"0":{"name":"(anonymous_0)","decl":{"start":{"line":4,"column":2},"end":{"line":4,"column":3}},"loc":{"start":{"line":4,"column":34},"end":{"line":7,"column":3}},"line":4}},"branchMap":{"0":{"loc":{"start":{"line":4,"column":21},"end":{"line":4,"column":32}},"type":"default-arg","locations":[{"start":{"line":4,"column":28},"end":{"line":4,"column":32}}],"line":4}},"s":{"0":23,"1":23,"2":2},"f":{"0":23},"b":{"0":[23]},"_coverageSchema":"1a1c01bbd47fc00a2c39e90264f33305004495a9","hash":"412f88216550e49a0b7f0f2d2888ea1ffde221ec"}
,"/Users/eyadmansour/Desktop/javascript_tasks401/stack-queue-LL/queue.js": {"path":"/Users/eyadmansour/Desktop/javascript_tasks401/stack-queue-LL/queue.js","statementMap":{"0":{"start":{"line":3,"column":13},"end":{"line":3,"column":30}},"1":{"start":{"line":7,"column":4},"end":{"line":7,"column":22}},"2":{"start":{"line":10,"column":4},"end":{"line":10,"column":27}},"3":{"start":{"line":14,"column":23},"end":{"line":14,"column":43}},"4":{"start":{"line":15,"column":4},"end":{"line":15,"column":30}},"5":{"start":{"line":16,"column":4},"end":{"line":16,"column":24}},"6":{"start":{"line":20,"column":4},"end":{"line":20,"column":27}},"7":{"start":{"line":26,"column":4},"end":{"line":26,"column":22}},"8":{"start":{"line":27,"column":4},"end":{"line":27,"column":21}},"9":{"start":{"line":31,"column":17},"end":{"line":31,"column":30}},"10":{"start":{"line":32,"column":4},"end":{"line":39,"column":5}},"11":{"start":{"line":33,"column":6},"end":{"line":33,"column":36}},"12":{"start":{"line":34,"column":6},"end":{"line":34,"column":18}},"13":{"start":{"line":36,"column":6},"end":{"line":36,"column":28}},"14":{"start":{"line":37,"column":6},"end":{"line":37,"column":23}},"15":{"start":{"line":38,"column":6},"end":{"line":38,"column":18}},"16":{"start":{"line":43,"column":4},"end":{"line":45,"column":5}},"17":{"start":{"line":44,"column":6},"end":{"line":44,"column":42}},"18":{"start":{"line":46,"column":15},"end":{"line":46,"column":25}},"19":{"start":{"line":47,"column":4},"end":{"line":47,"column":33}},"20":{"start":{"line":48,"column":4},"end":{"line":50,"column":5}},"21":{"start":{"line":49,"column":6},"end":{"line":49,"column":23}},"22":{"start":{"line":51,"column":4},"end":{"line":51,"column":16}},"23":{"start":{"line":55,"column":4},"end":{"line":59,"column":5}},"24":{"start":{"line":56,"column":6},"end":{"line":56,"column":29}},"25":{"start":{"line":58,"column":6},"end":{"line":58,"column":30}},"26":{"start":{"line":63,"column":4},"end":{"line":63,"column":37}},"27":{"start":{"line":67,"column":0},"end":{"line":67,"column":25}}},"fnMap":{"0":{"name":"(anonymous_0)","decl":{"start":{"line":6,"column":2},"end":{"line":6,"column":3}},"loc":{"start":{"line":6,"column":16},"end":{"line":8,"column":3}},"line":6},"1":{"name":"(anonymous_1)","decl":{"start":{"line":9,"column":2},"end":{"line":9,"column":3}},"loc":{"start":{"line":9,"column":15},"end":{"line":11,"column":3}},"line":9},"2":{"name":"(anonymous_2)","decl":{"start":{"line":13,"column":2},"end":{"line":13,"column":3}},"loc":{"start":{"line":13,"column":12},"end":{"line":17,"column":3}},"line":13},"3":{"name":"(anonymous_3)","decl":{"start":{"line":19,"column":2},"end":{"line":19,"column":3}},"loc":{"start":{"line":19,"column":9},"end":{"line":21,"column":3}},"line":19},"4":{"name":"(anonymous_4)","decl":{"start":{"line":25,"column":2},"end":{"line":25,"column":3}},"loc":{"start":{"line":25,"column":16},"end":{"line":28,"column":3}},"line":25},"5":{"name":"(anonymous_5)","decl":{"start":{"line":30,"column":2},"end":{"line":30,"column":3}},"loc":{"start":{"line":30,"column":15},"end":{"line":40,"column":3}},"line":30},"6":{"name":"(anonymous_6)","decl":{"start":{"line":42,"column":2},"end":{"line":42,"column":3}},"loc":{"start":{"line":42,"column":12},"end":{"line":52,"column":3}},"line":42},"7":{"name":"(anonymous_7)","decl":{"start":{"line":54,"column":2},"end":{"line":54,"column":3}},"loc":{"start":{"line":54,"column":9},"end":{"line":60,"column":3}},"line":54},"8":{"name":"(anonymous_8)","decl":{"start":{"line":62,"column":2},"end":{"line":62,"column":3}},"loc":{"start":{"line":62,"column":12},"end":{"line":64,"column":3}},"line":62}},"branchMap":{"0":{"loc":{"start":{"line":32,"column":4},"end":{"line":39,"column":5}},"type":"if","locations":[{"start":{"line":32,"column":4},"end":{"line":39,"column":5}},{"start":{"line":35,"column":11},"end":{"line":39,"column":5}}],"line":32},"1":{"loc":{"start":{"line":32,"column":8},"end":{"line":32,"column":49}},"type":"binary-expr","locations":[{"start":{"line":32,"column":8},"end":{"line":32,"column":26}},{"start":{"line":32,"column":30},"end":{"line":32,"column":49}}],"line":32},"2":{"loc":{"start":{"line":43,"column":4},"end":{"line":45,"column":5}},"type":"if","locations":[{"start":{"line":43,"column":4},"end":{"line":45,"column":5}},{"start":{},"end":{}}],"line":43},"3":{"loc":{"start":{"line":48,"column":4},"end":{"line":50,"column":5}},"type":"if","locations":[{"start":{"line":48,"column":4},"end":{"line":50,"column":5}},{"start":{},"end":{}}],"line":48},"4":{"loc":{"start":{"line":55,"column":4},"end":{"line":59,"column":5}},"type":"if","locations":[{"start":{"line":55,"column":4},"end":{"line":59,"column":5}},{"start":{"line":57,"column":11},"end":{"line":59,"column":5}}],"line":55},"5":{"loc":{"start":{"line":63,"column":11},"end":{"line":63,"column":36}},"type":"cond-expr","locations":[{"start":{"line":63,"column":24},"end":{"line":63,"column":29}},{"start":{"line":63,"column":32},"end":{"line":63,"column":36}}],"line":63}},"s":{"0":1,"1":0,"2":0,"3":0,"4":0,"5":0,"6":0,"7":7,"8":7,"9":14,"10":14,"11":7,"12":7,"13":7,"14":7,"15":7,"16":6,"17":0,"18":6,"19":6,"20":6,"21":3,"22":6,"23":2,"24":2,"25":0,"26":2,"27":1},"f":{"0":0,"1":0,"2":0,"3":0,"4":7,"5":14,"6":6,"7":2,"8":2},"b":{"0":[7,7],"1":[14,7],"2":[0,6],"3":[3,3],"4":[2,0],"5":[0,2]},"_coverageSchema":"1a1c01bbd47fc00a2c39e90264f33305004495a9","hash":"db58b9fb4b3a63748e29a45b1d48b37e11c86d1f"}
,"/Users/eyadmansour/Desktop/javascript_tasks401/stack-queue-LL/stack.js": {"path":"/Users/eyadmansour/Desktop/javascript_tasks401/stack-queue-LL/stack.js","statementMap":{"0":{"start":{"line":3,"column":13},"end":{"line":3,"column":30}},"1":{"start":{"line":7,"column":4},"end":{"line":7,"column":20}},"2":{"start":{"line":11,"column":17},"end":{"line":11,"column":30}},"3":{"start":{"line":12,"column":4},"end":{"line":12,"column":25}},"4":{"start":{"line":13,"column":4},"end":{"line":13,"column":20}},"5":{"start":{"line":17,"column":19},"end":{"line":17,"column":27}},"6":{"start":{"line":18,"column":4},"end":{"line":18,"column":29}},"7":{"start":{"line":19,"column":4},"end":{"line":19,"column":25}},"8":{"start":{"line":26,"column":4},"end":{"line":30,"column":5}},"9":{"start":{"line":27,"column":6},"end":{"line":27,"column":28}},"10":{"start":{"line":29,"column":6},"end":{"line":29,"column":30}},"11":{"start":{"line":34,"column":4},"end":{"line":34,"column":35}},"12":{"start":{"line":37,"column":0},"end":{"line":37,"column":25}},"13":{"start":{"line":41,"column":4},"end":{"line":41,"column":22}},"14":{"start":{"line":42,"column":4},"end":{"line":42,"column":20}},"15":{"start":{"line":45,"column":4},"end":{"line":45,"column":20}},"16":{"start":{"line":49,"column":4},"end":{"line":49,"column":28}},"17":{"start":{"line":50,"column":4},"end":{"line":50,"column":20}},"18":{"start":{"line":54,"column":21},"end":{"line":54,"column":39}},"19":{"start":{"line":55,"column":4},"end":{"line":55,"column":53}},"20":{"start":{"line":56,"column":4},"end":{"line":56,"column":22}}},"fnMap":{"0":{"name":"(anonymous_0)","decl":{"start":{"line":6,"column":2},"end":{"line":6,"column":3}},"loc":{"start":{"line":6,"column":16},"end":{"line":8,"column":3}},"line":6},"1":{"name":"(anonymous_1)","decl":{"start":{"line":10,"column":2},"end":{"line":10,"column":3}},"loc":{"start":{"line":10,"column":14},"end":{"line":14,"column":3}},"line":10},"2":{"name":"(anonymous_2)","decl":{"start":{"line":16,"column":2},"end":{"line":16,"column":3}},"loc":{"start":{"line":16,"column":8},"end":{"line":23,"column":3}},"line":16},"3":{"name":"(anonymous_3)","decl":{"start":{"line":25,"column":2},"end":{"line":25,"column":3}},"loc":{"start":{"line":25,"column":9},"end":{"line":31,"column":3}},"line":25},"4":{"name":"(anonymous_4)","decl":{"start":{"line":33,"column":2},"end":{"line":33,"column":3}},"loc":{"start":{"line":33,"column":12},"end":{"line":35,"column":3}},"line":33},"5":{"name":"(anonymous_5)","decl":{"start":{"line":40,"column":2},"end":{"line":40,"column":3}},"loc":{"start":{"line":40,"column":16},"end":{"line":43,"column":3}},"line":40},"6":{"name":"(anonymous_6)","decl":{"start":{"line":44,"column":2},"end":{"line":44,"column":3}},"loc":{"start":{"line":44,"column":9},"end":{"line":46,"column":3}},"line":44},"7":{"name":"(anonymous_7)","decl":{"start":{"line":48,"column":2},"end":{"line":48,"column":3}},"loc":{"start":{"line":48,"column":17},"end":{"line":51,"column":3}},"line":48},"8":{"name":"(anonymous_8)","decl":{"start":{"line":53,"column":2},"end":{"line":53,"column":3}},"loc":{"start":{"line":53,"column":12},"end":{"line":57,"column":3}},"line":53}},"branchMap":{"0":{"loc":{"start":{"line":26,"column":4},"end":{"line":30,"column":5}},"type":"if","locations":[{"start":{"line":26,"column":4},"end":{"line":30,"column":5}},{"start":{"line":28,"column":11},"end":{"line":30,"column":5}}],"line":26},"1":{"loc":{"start":{"line":34,"column":11},"end":{"line":34,"column":34}},"type":"cond-expr","locations":[{"start":{"line":34,"column":22},"end":{"line":34,"column":27}},{"start":{"line":34,"column":30},"end":{"line":34,"column":34}}],"line":34}},"s":{"0":1,"1":4,"2":9,"3":9,"4":9,"5":2,"6":2,"7":2,"8":2,"9":2,"10":0,"11":0,"12":1,"13":0,"14":0,"15":0,"16":0,"17":0,"18":0,"19":0,"20":0},"f":{"0":4,"1":9,"2":2,"3":2,"4":0,"5":0,"6":0,"7":0,"8":0},"b":{"0":[2,0],"1":[0,0]},"_coverageSchema":"1a1c01bbd47fc00a2c39e90264f33305004495a9","hash":"8633253f4b0e28db971eb54c8a227cce42653909"}
}
