TN:
SF:node.js
FN:4,(anonymous_0)
FNF:1
FNH:1
FNDA:23,(anonymous_0)
DA:5,23
DA:6,23
DA:10,2
LF:3
LH:3
BRDA:4,0,0,23
BRF:1
BRH:1
end_of_record
TN:
SF:queue.js
FN:6,(anonymous_0)
FN:9,(anonymous_1)
FN:13,(anonymous_2)
FN:19,(anonymous_3)
FN:25,(anonymous_4)
FN:30,(anonymous_5)
FN:42,(anonymous_6)
FN:54,(anonymous_7)
FN:62,(anonymous_8)
FNF:9
FNH:5
FNDA:0,(anonymous_0)
FNDA:0,(anonymous_1)
FNDA:0,(anonymous_2)
FNDA:0,(anonymous_3)
FNDA:7,(anonymous_4)
FNDA:14,(anonymous_5)
FNDA:6,(anonymous_6)
FNDA:2,(anonymous_7)
FNDA:2,(anonymous_8)
DA:3,1
DA:7,0
DA:10,0
DA:14,0
DA:15,0
DA:16,0
DA:20,0
DA:26,7
DA:27,7
DA:31,14
DA:32,14
DA:33,7
DA:34,7
DA:36,7
DA:37,7
DA:38,7
DA:43,6
DA:44,0
DA:46,6
DA:47,6
DA:48,6
DA:49,3
DA:51,6
DA:55,2
DA:56,2
DA:58,0
DA:63,2
DA:67,1
LF:28
LH:20
BRDA:32,0,0,7
BRDA:32,0,1,7
BRDA:32,1,0,14
BRDA:32,1,1,7
BRDA:43,2,0,0
BRDA:43,2,1,6
BRDA:48,3,0,3
BRDA:48,3,1,3
BRDA:55,4,0,2
BRDA:55,4,1,0
BRDA:63,5,0,0
BRDA:63,5,1,2
BRF:12
BRH:9
end_of_record
TN:
SF:stack.js
FN:6,(anonymous_0)
FN:10,(anonymous_1)
FN:16,(anonymous_2)
FN:25,(anonymous_3)
FN:33,(anonymous_4)
FN:40,(anonymous_5)
FN:44,(anonymous_6)
FN:48,(anonymous_7)
FN:53,(anonymous_8)
FNF:9
FNH:4
FNDA:4,(anonymous_0)
FNDA:9,(anonymous_1)
FNDA:2,(anonymous_2)
FNDA:2,(anonymous_3)
FNDA:0,(anonymous_4)
FNDA:0,(anonymous_5)
FNDA:0,(anonymous_6)
FNDA:0,(anonymous_7)
FNDA:0,(anonymous_8)
DA:3,1
DA:7,4
DA:11,9
DA:12,9
DA:13,9
DA:17,2
DA:18,2
DA:19,2
DA:26,2
DA:27,2
DA:29,0
DA:34,0
DA:37,1
DA:41,0
DA:42,0
DA:45,0
DA:49,0
DA:50,0
DA:54,0
DA:55,0
DA:56,0
LF:21
LH:11
BRDA:26,0,0,2
BRDA:26,0,1,0
BRDA:34,1,0,0
BRDA:34,1,1,0
BRF:4
BRH:1
end_of_record
